Start testing: Sep 04 10:37 CDT
----------------------------------------------------------
1/1 Testing: RunRobotTests
1/1 Test: RunRobotTests
Command: "/home/cason/robotics_portfolio/differential_drive_robot_sim_2d/build/tests/TestRobot"
Directory: /home/cason/robotics_portfolio/differential_drive_robot_sim_2d/build/tests
"RunRobotTests" start time: Sep 04 10:37 CDT
Output:
----------------------------------------------------------
[PASS] testStationary
[PASS] testMoveForward
[PASS] testRotateInPlace
[PASS] testCircularMotion
[PASS] testMoveInASquare

All unit tests passed successfully!
<end of output>
Test time =   0.00 sec
----------------------------------------------------------
Test Passed.
"RunRobotTests" end time: Sep 04 10:37 CDT
"RunRobotTests" time elapsed: 00:00:00
----------------------------------------------------------

End testing: Sep 04 10:37 CDT
